<?xml version="1.0" encoding="UTF-8"?>
<coverage generated="1515411175827" clover="3.2.0">
  <project timestamp="1515411175827" name="All files">
    <metrics statements="226" coveredstatements="215" conditionals="70" coveredconditionals="65" methods="30" coveredmethods="30" elements="326" coveredelements="310" complexity="0" loc="226" ncloc="226" packages="2" files="5" classes="5">
      <package name="routes">
        <metrics statements="196" coveredstatements="187" conditionals="60" coveredconditionals="55" methods="28" coveredmethods="28"/>
        <file name="auth.js" path="/home/almrooth/Dropbox/dbwebb-kurser/ramverk2/me/app/routes/auth.js">
          <metrics statements="41" coveredstatements="40" conditionals="12" coveredconditionals="11" methods="6" coveredmethods="6"/>
          <line num="1" count="4" type="stmt"/>
          <line num="2" count="4" type="stmt"/>
          <line num="4" count="4" type="stmt"/>
          <line num="6" count="4" type="cond" truecount="2" falsecount="0"/>
          <line num="7" count="4" type="stmt"/>
          <line num="8" count="4" type="stmt"/>
          <line num="11" count="4" type="stmt"/>
          <line num="12" count="1" type="stmt"/>
          <line num="19" count="4" type="stmt"/>
          <line num="20" count="3" type="cond" truecount="2" falsecount="0"/>
          <line num="21" count="1" type="stmt"/>
          <line num="22" count="1" type="stmt"/>
          <line num="25" count="2" type="cond" truecount="2" falsecount="0"/>
          <line num="26" count="1" type="stmt"/>
          <line num="27" count="1" type="stmt"/>
          <line num="30" count="1" type="stmt"/>
          <line num="31" count="1" type="stmt"/>
          <line num="33" count="1" type="stmt"/>
          <line num="42" count="1" type="stmt"/>
          <line num="43" count="1" type="stmt"/>
          <line num="44" count="1" type="stmt"/>
          <line num="48" count="4" type="stmt"/>
          <line num="49" count="1" type="stmt"/>
          <line num="56" count="4" type="stmt"/>
          <line num="57" count="30" type="stmt"/>
          <line num="58" count="30" type="stmt"/>
          <line num="59" count="30" type="stmt"/>
          <line num="61" count="30" type="cond" truecount="2" falsecount="0"/>
          <line num="62" count="1" type="stmt"/>
          <line num="63" count="1" type="stmt"/>
          <line num="66" count="29" type="cond" truecount="2" falsecount="0"/>
          <line num="67" count="28" type="stmt"/>
          <line num="68" count="28" type="stmt"/>
          <line num="70" count="1" type="stmt"/>
          <line num="71" count="1" type="stmt"/>
          <line num="76" count="4" type="stmt"/>
          <line num="77" count="1" type="stmt"/>
          <line num="78" count="1" type="cond" truecount="1" falsecount="1"/>
          <line num="79" count="0" type="stmt"/>
          <line num="81" count="1" type="stmt"/>
          <line num="86" count="4" type="stmt"/>
        </file>
        <file name="index.js" path="/home/almrooth/Dropbox/dbwebb-kurser/ramverk2/me/app/routes/index.js">
          <metrics statements="11" coveredstatements="11" conditionals="4" coveredconditionals="4" methods="3" coveredmethods="3"/>
          <line num="1" count="4" type="stmt"/>
          <line num="2" count="4" type="stmt"/>
          <line num="4" count="4" type="cond" truecount="2" falsecount="0"/>
          <line num="5" count="4" type="stmt"/>
          <line num="8" count="4" type="stmt"/>
          <line num="9" count="1" type="stmt"/>
          <line num="13" count="4" type="stmt"/>
          <line num="14" count="1" type="stmt"/>
          <line num="18" count="4" type="stmt"/>
          <line num="19" count="1" type="stmt"/>
          <line num="27" count="4" type="stmt"/>
        </file>
        <file name="observations.js" path="/home/almrooth/Dropbox/dbwebb-kurser/ramverk2/me/app/routes/observations.js">
          <metrics statements="68" coveredstatements="61" conditionals="14" coveredconditionals="11" methods="10" coveredmethods="10"/>
          <line num="1" count="4" type="stmt"/>
          <line num="2" count="4" type="stmt"/>
          <line num="4" count="4" type="cond" truecount="2" falsecount="0"/>
          <line num="5" count="4" type="stmt"/>
          <line num="6" count="4" type="stmt"/>
          <line num="10" count="4" type="stmt"/>
          <line num="11" count="1" type="stmt"/>
          <line num="12" count="1" type="stmt"/>
          <line num="14" count="1" type="stmt"/>
          <line num="15" count="1" type="stmt"/>
          <line num="18" count="1" type="stmt"/>
          <line num="24" count="0" type="stmt"/>
          <line num="29" count="4" type="stmt"/>
          <line num="30" count="1" type="stmt"/>
          <line num="31" count="1" type="stmt"/>
          <line num="32" count="1" type="stmt"/>
          <line num="34" count="1" type="stmt"/>
          <line num="36" count="1" type="stmt"/>
          <line num="42" count="0" type="stmt"/>
          <line num="46" count="4" type="stmt"/>
          <line num="47" count="1" type="stmt"/>
          <line num="53" count="4" type="stmt"/>
          <line num="54" count="1" type="stmt"/>
          <line num="55" count="1" type="stmt"/>
          <line num="64" count="1" type="stmt"/>
          <line num="66" count="1" type="stmt"/>
          <line num="67" count="1" type="stmt"/>
          <line num="69" count="0" type="stmt"/>
          <line num="73" count="4" type="stmt"/>
          <line num="74" count="2" type="stmt"/>
          <line num="75" count="2" type="stmt"/>
          <line num="76" count="2" type="stmt"/>
          <line num="78" count="2" type="cond" truecount="2" falsecount="0"/>
          <line num="79" count="1" type="cond" truecount="1" falsecount="1"/>
          <line num="80" count="1" type="stmt"/>
          <line num="84" count="1" type="stmt"/>
          <line num="90" count="0" type="stmt"/>
          <line num="94" count="4" type="stmt"/>
          <line num="95" count="2" type="stmt"/>
          <line num="96" count="2" type="stmt"/>
          <line num="97" count="2" type="stmt"/>
          <line num="99" count="2" type="cond" truecount="2" falsecount="0"/>
          <line num="100" count="1" type="cond" truecount="1" falsecount="1"/>
          <line num="101" count="1" type="stmt"/>
          <line num="105" count="1" type="stmt"/>
          <line num="113" count="1" type="stmt"/>
          <line num="114" count="1" type="stmt"/>
          <line num="115" count="1" type="stmt"/>
          <line num="117" count="0" type="stmt"/>
          <line num="121" count="4" type="stmt"/>
          <line num="122" count="2" type="stmt"/>
          <line num="123" count="2" type="stmt"/>
          <line num="124" count="2" type="stmt"/>
          <line num="126" count="2" type="cond" truecount="2" falsecount="0"/>
          <line num="127" count="1" type="cond" truecount="1" falsecount="1"/>
          <line num="129" count="1" type="stmt"/>
          <line num="133" count="1" type="stmt"/>
          <line num="134" count="1" type="stmt"/>
          <line num="135" count="1" type="stmt"/>
          <line num="137" count="0" type="stmt"/>
          <line num="141" count="4" type="stmt"/>
          <line num="142" count="1" type="stmt"/>
          <line num="143" count="1" type="stmt"/>
          <line num="145" count="1" type="stmt"/>
          <line num="146" count="1" type="stmt"/>
          <line num="149" count="1" type="stmt"/>
          <line num="155" count="0" type="stmt"/>
          <line num="159" count="4" type="stmt"/>
        </file>
        <file name="users.js" path="/home/almrooth/Dropbox/dbwebb-kurser/ramverk2/me/app/routes/users.js">
          <metrics statements="76" coveredstatements="75" conditionals="30" coveredconditionals="29" methods="9" coveredmethods="9"/>
          <line num="1" count="4" type="stmt"/>
          <line num="2" count="4" type="stmt"/>
          <line num="3" count="4" type="stmt"/>
          <line num="5" count="4" type="cond" truecount="2" falsecount="0"/>
          <line num="6" count="4" type="stmt"/>
          <line num="7" count="4" type="stmt"/>
          <line num="12" count="4" type="stmt"/>
          <line num="13" count="1" type="stmt"/>
          <line num="14" count="1" type="stmt"/>
          <line num="16" count="1" type="stmt"/>
          <line num="22" count="0" type="stmt"/>
          <line num="30" count="4" type="stmt"/>
          <line num="31" count="2" type="stmt"/>
          <line num="32" count="2" type="stmt"/>
          <line num="33" count="2" type="stmt"/>
          <line num="35" count="1" type="stmt"/>
          <line num="41" count="1" type="stmt"/>
          <line num="49" count="4" type="stmt"/>
          <line num="50" count="1" type="stmt"/>
          <line num="60" count="4" type="stmt"/>
          <line num="61" count="3" type="cond" truecount="2" falsecount="0"/>
          <line num="62" count="1" type="stmt"/>
          <line num="63" count="1" type="stmt"/>
          <line num="66" count="2" type="cond" truecount="2" falsecount="0"/>
          <line num="67" count="1" type="stmt"/>
          <line num="68" count="1" type="stmt"/>
          <line num="71" count="1" type="stmt"/>
          <line num="72" count="1" type="stmt"/>
          <line num="74" count="1" type="stmt"/>
          <line num="83" count="1" type="stmt"/>
          <line num="84" count="1" type="stmt"/>
          <line num="85" count="1" type="stmt"/>
          <line num="92" count="4" type="stmt"/>
          <line num="93" count="2" type="stmt"/>
          <line num="94" count="2" type="stmt"/>
          <line num="96" count="2" type="cond" truecount="4" falsecount="0"/>
          <line num="97" count="1" type="stmt"/>
          <line num="100" count="1" type="stmt"/>
          <line num="112" count="4" type="stmt"/>
          <line num="113" count="3" type="stmt"/>
          <line num="114" count="3" type="stmt"/>
          <line num="116" count="3" type="cond" truecount="4" falsecount="0"/>
          <line num="117" count="1" type="stmt"/>
          <line num="120" count="2" type="cond" truecount="4" falsecount="0"/>
          <line num="121" count="1" type="stmt"/>
          <line num="122" count="1" type="stmt"/>
          <line num="125" count="1" type="stmt"/>
          <line num="133" count="1" type="stmt"/>
          <line num="134" count="1" type="stmt"/>
          <line num="135" count="1" type="stmt"/>
          <line num="142" count="4" type="stmt"/>
          <line num="143" count="1" type="stmt"/>
          <line num="145" count="1" type="stmt"/>
          <line num="146" count="1" type="stmt"/>
          <line num="147" count="1" type="stmt"/>
          <line num="154" count="4" type="stmt"/>
          <line num="155" count="2" type="stmt"/>
          <line num="156" count="2" type="stmt"/>
          <line num="158" count="2" type="cond" truecount="4" falsecount="0"/>
          <line num="159" count="1" type="stmt"/>
          <line num="162" count="1" type="stmt"/>
          <line num="173" count="4" type="stmt"/>
          <line num="174" count="3" type="stmt"/>
          <line num="175" count="3" type="stmt"/>
          <line num="177" count="3" type="cond" truecount="4" falsecount="0"/>
          <line num="178" count="1" type="stmt"/>
          <line num="181" count="2" type="cond" truecount="2" falsecount="0"/>
          <line num="182" count="1" type="stmt"/>
          <line num="183" count="1" type="stmt"/>
          <line num="186" count="1" type="stmt"/>
          <line num="187" count="1" type="stmt"/>
          <line num="189" count="1" type="stmt"/>
          <line num="193" count="1" type="stmt"/>
          <line num="194" count="1" type="stmt"/>
          <line num="195" count="1" type="stmt"/>
          <line num="202" count="4" type="stmt"/>
        </file>
      </package>
      <package name="src">
        <metrics statements="30" coveredstatements="28" conditionals="10" coveredconditionals="10" methods="2" coveredmethods="2"/>
        <file name="auth.js" path="/home/almrooth/Dropbox/dbwebb-kurser/ramverk2/me/app/src/auth.js">
          <metrics statements="30" coveredstatements="28" conditionals="10" coveredconditionals="10" methods="2" coveredmethods="2"/>
          <line num="3" count="5" type="stmt"/>
          <line num="6" count="5" type="stmt"/>
          <line num="15" count="38" type="stmt"/>
          <line num="16" count="38" type="stmt"/>
          <line num="17" count="38" type="stmt"/>
          <line num="19" count="38" type="stmt"/>
          <line num="21" count="0" type="stmt"/>
          <line num="25" count="17" type="stmt"/>
          <line num="28" count="14" type="stmt"/>
          <line num="30" count="14" type="cond" truecount="2" falsecount="0"/>
          <line num="31" count="5" type="stmt"/>
          <line num="33" count="9" type="stmt"/>
          <line num="39" count="11" type="stmt"/>
          <line num="41" count="11" type="cond" truecount="2" falsecount="0"/>
          <line num="42" count="2" type="stmt"/>
          <line num="43" count="9" type="cond" truecount="2" falsecount="0"/>
          <line num="44" count="1" type="stmt"/>
          <line num="46" count="8" type="stmt"/>
          <line num="52" count="37" type="stmt"/>
          <line num="54" count="37" type="cond" truecount="2" falsecount="0"/>
          <line num="55" count="1" type="stmt"/>
          <line num="57" count="36" type="stmt"/>
          <line num="63" count="38" type="stmt"/>
          <line num="64" count="38" type="stmt"/>
          <line num="65" count="38" type="stmt"/>
          <line num="67" count="38" type="stmt"/>
          <line num="68" count="38" type="stmt"/>
          <line num="70" count="0" type="stmt"/>
          <line num="76" count="8" type="stmt"/>
          <line num="78" count="8" type="cond" truecount="2" falsecount="0"/>
        </file>
      </package>
    </metrics>
  </project>
</coverage>
