{"/app/routes/auth.js": {"path":"/app/routes/auth.js","statementMap":{"0":{"start":{"line":1,"column":14},"end":{"line":1,"column":32}},"1":{"start":{"line":2,"column":13},"end":{"line":2,"column":29}},"2":{"start":{"line":4,"column":15},"end":{"line":4,"column":34}},"3":{"start":{"line":6,"column":12},"end":{"line":6,"column":76}},"4":{"start":{"line":7,"column":14},"end":{"line":7,"column":56}},"5":{"start":{"line":8,"column":13},"end":{"line":8,"column":49}},"6":{"start":{"line":11,"column":0},"end":{"line":16,"column":3}},"7":{"start":{"line":12,"column":4},"end":{"line":15,"column":7}},"8":{"start":{"line":19,"column":0},"end":{"line":45,"column":3}},"9":{"start":{"line":20,"column":4},"end":{"line":23,"column":5}},"10":{"start":{"line":21,"column":8},"end":{"line":21,"column":54}},"11":{"start":{"line":22,"column":8},"end":{"line":22,"column":46}},"12":{"start":{"line":25,"column":4},"end":{"line":28,"column":5}},"13":{"start":{"line":26,"column":8},"end":{"line":26,"column":55}},"14":{"start":{"line":27,"column":8},"end":{"line":27,"column":46}},"15":{"start":{"line":30,"column":15},"end":{"line":30,"column":37}},"16":{"start":{"line":31,"column":15},"end":{"line":31,"column":55}},"17":{"start":{"line":33,"column":15},"end":{"line":40,"column":5}},"18":{"start":{"line":42,"column":4},"end":{"line":42,"column":29}},"19":{"start":{"line":43,"column":4},"end":{"line":43,"column":45}},"20":{"start":{"line":44,"column":4},"end":{"line":44,"column":39}},"21":{"start":{"line":48,"column":0},"end":{"line":53,"column":3}},"22":{"start":{"line":49,"column":4},"end":{"line":52,"column":7}},"23":{"start":{"line":56,"column":0},"end":{"line":73,"column":3}},"24":{"start":{"line":57,"column":19},"end":{"line":57,"column":36}},"25":{"start":{"line":58,"column":19},"end":{"line":58,"column":36}},"26":{"start":{"line":59,"column":15},"end":{"line":59,"column":43}},"27":{"start":{"line":61,"column":4},"end":{"line":64,"column":5}},"28":{"start":{"line":62,"column":8},"end":{"line":62,"column":53}},"29":{"start":{"line":63,"column":8},"end":{"line":63,"column":43}},"30":{"start":{"line":66,"column":4},"end":{"line":72,"column":5}},"31":{"start":{"line":67,"column":8},"end":{"line":67,"column":32}},"32":{"start":{"line":68,"column":8},"end":{"line":68,"column":33}},"33":{"start":{"line":70,"column":8},"end":{"line":70,"column":50}},"34":{"start":{"line":71,"column":8},"end":{"line":71,"column":43}},"35":{"start":{"line":76,"column":0},"end":{"line":84,"column":3}},"36":{"start":{"line":77,"column":4},"end":{"line":83,"column":7}},"37":{"start":{"line":78,"column":8},"end":{"line":82,"column":9}},"38":{"start":{"line":79,"column":12},"end":{"line":79,"column":29}},"39":{"start":{"line":81,"column":12},"end":{"line":81,"column":30}},"40":{"start":{"line":86,"column":0},"end":{"line":86,"column":24}}},"fnMap":{"0":{"name":"(anonymous_0)","decl":{"start":{"line":11,"column":36},"end":{"line":11,"column":37}},"loc":{"start":{"line":11,"column":50},"end":{"line":16,"column":1}},"line":11},"1":{"name":"(anonymous_1)","decl":{"start":{"line":19,"column":37},"end":{"line":19,"column":38}},"loc":{"start":{"line":19,"column":57},"end":{"line":45,"column":1}},"line":19},"2":{"name":"(anonymous_2)","decl":{"start":{"line":48,"column":33},"end":{"line":48,"column":34}},"loc":{"start":{"line":48,"column":47},"end":{"line":53,"column":1}},"line":48},"3":{"name":"(anonymous_3)","decl":{"start":{"line":56,"column":34},"end":{"line":56,"column":35}},"loc":{"start":{"line":56,"column":54},"end":{"line":73,"column":1}},"line":56},"4":{"name":"(anonymous_4)","decl":{"start":{"line":76,"column":39},"end":{"line":76,"column":40}},"loc":{"start":{"line":76,"column":53},"end":{"line":84,"column":1}},"line":76},"5":{"name":"(anonymous_5)","decl":{"start":{"line":77,"column":24},"end":{"line":77,"column":25}},"loc":{"start":{"line":77,"column":33},"end":{"line":83,"column":5}},"line":77}},"branchMap":{"0":{"loc":{"start":{"line":6,"column":12},"end":{"line":6,"column":76}},"type":"binary-expr","locations":[{"start":{"line":6,"column":12},"end":{"line":6,"column":34}},{"start":{"line":6,"column":38},"end":{"line":6,"column":76}}],"line":6},"1":{"loc":{"start":{"line":20,"column":4},"end":{"line":23,"column":5}},"type":"if","locations":[{"start":{"line":20,"column":4},"end":{"line":23,"column":5}},{"start":{"line":20,"column":4},"end":{"line":23,"column":5}}],"line":20},"2":{"loc":{"start":{"line":25,"column":4},"end":{"line":28,"column":5}},"type":"if","locations":[{"start":{"line":25,"column":4},"end":{"line":28,"column":5}},{"start":{"line":25,"column":4},"end":{"line":28,"column":5}}],"line":25},"3":{"loc":{"start":{"line":61,"column":4},"end":{"line":64,"column":5}},"type":"if","locations":[{"start":{"line":61,"column":4},"end":{"line":64,"column":5}},{"start":{"line":61,"column":4},"end":{"line":64,"column":5}}],"line":61},"4":{"loc":{"start":{"line":66,"column":4},"end":{"line":72,"column":5}},"type":"if","locations":[{"start":{"line":66,"column":4},"end":{"line":72,"column":5}},{"start":{"line":66,"column":4},"end":{"line":72,"column":5}}],"line":66},"5":{"loc":{"start":{"line":78,"column":8},"end":{"line":82,"column":9}},"type":"if","locations":[{"start":{"line":78,"column":8},"end":{"line":82,"column":9}},{"start":{"line":78,"column":8},"end":{"line":82,"column":9}}],"line":78}},"s":{"0":4,"1":4,"2":4,"3":4,"4":4,"5":4,"6":4,"7":1,"8":4,"9":3,"10":1,"11":1,"12":2,"13":1,"14":1,"15":1,"16":1,"17":1,"18":1,"19":1,"20":1,"21":4,"22":1,"23":4,"24":30,"25":30,"26":30,"27":30,"28":1,"29":1,"30":29,"31":28,"32":28,"33":1,"34":1,"35":4,"36":1,"37":1,"38":0,"39":1,"40":4},"f":{"0":1,"1":3,"2":1,"3":30,"4":1,"5":1},"b":{"0":[4,0],"1":[1,2],"2":[1,1],"3":[1,29],"4":[28,1],"5":[0,1]},"_coverageSchema":"332fd63041d2c1bcb487cc26dd0d5f7d97098a6c","hash":"f901e8f681422abbe9a4e36c37ab3d1f5a1c12d4"}
,"/app/routes/index.js": {"path":"/app/routes/index.js","statementMap":{"0":{"start":{"line":1,"column":14},"end":{"line":1,"column":32}},"1":{"start":{"line":2,"column":13},"end":{"line":2,"column":29}},"2":{"start":{"line":4,"column":12},"end":{"line":4,"column":76}},"3":{"start":{"line":5,"column":13},"end":{"line":5,"column":49}},"4":{"start":{"line":8,"column":0},"end":{"line":10,"column":3}},"5":{"start":{"line":9,"column":4},"end":{"line":9,"column":73}},"6":{"start":{"line":13,"column":0},"end":{"line":15,"column":3}},"7":{"start":{"line":14,"column":4},"end":{"line":14,"column":66}},"8":{"start":{"line":18,"column":0},"end":{"line":25,"column":3}},"9":{"start":{"line":19,"column":4},"end":{"line":24,"column":7}},"10":{"start":{"line":27,"column":0},"end":{"line":27,"column":24}}},"fnMap":{"0":{"name":"(anonymous_0)","decl":{"start":{"line":8,"column":16},"end":{"line":8,"column":17}},"loc":{"start":{"line":8,"column":31},"end":{"line":10,"column":1}},"line":8},"1":{"name":"(anonymous_1)","decl":{"start":{"line":13,"column":21},"end":{"line":13,"column":22}},"loc":{"start":{"line":13,"column":35},"end":{"line":15,"column":1}},"line":13},"2":{"name":"(anonymous_2)","decl":{"start":{"line":18,"column":37},"end":{"line":18,"column":38}},"loc":{"start":{"line":18,"column":51},"end":{"line":25,"column":1}},"line":18}},"branchMap":{"0":{"loc":{"start":{"line":4,"column":12},"end":{"line":4,"column":76}},"type":"binary-expr","locations":[{"start":{"line":4,"column":12},"end":{"line":4,"column":34}},{"start":{"line":4,"column":38},"end":{"line":4,"column":76}}],"line":4},"1":{"loc":{"start":{"line":22,"column":14},"end":{"line":22,"column":45}},"type":"binary-expr","locations":[{"start":{"line":22,"column":14},"end":{"line":22,"column":37}},{"start":{"line":22,"column":41},"end":{"line":22,"column":45}}],"line":22}},"s":{"0":4,"1":4,"2":4,"3":4,"4":4,"5":1,"6":4,"7":1,"8":4,"9":1,"10":4},"f":{"0":1,"1":1,"2":1},"b":{"0":[4,0],"1":[1,1]},"_coverageSchema":"332fd63041d2c1bcb487cc26dd0d5f7d97098a6c","hash":"4f382ebd6e8f4fc74de633a5923f47f5b69b8653"}
,"/app/routes/observations.js": {"path":"/app/routes/observations.js","statementMap":{"0":{"start":{"line":1,"column":14},"end":{"line":1,"column":32}},"1":{"start":{"line":2,"column":13},"end":{"line":2,"column":29}},"2":{"start":{"line":4,"column":12},"end":{"line":4,"column":76}},"3":{"start":{"line":5,"column":13},"end":{"line":5,"column":49}},"4":{"start":{"line":6,"column":12},"end":{"line":6,"column":61}},"5":{"start":{"line":10,"column":0},"end":{"line":26,"column":3}},"6":{"start":{"line":11,"column":4},"end":{"line":25,"column":5}},"7":{"start":{"line":12,"column":19},"end":{"line":12,"column":36}},"8":{"start":{"line":14,"column":8},"end":{"line":16,"column":11}},"9":{"start":{"line":15,"column":12},"end":{"line":15,"column":64}},"10":{"start":{"line":18,"column":8},"end":{"line":22,"column":11}},"11":{"start":{"line":24,"column":8},"end":{"line":24,"column":20}},"12":{"start":{"line":29,"column":0},"end":{"line":44,"column":3}},"13":{"start":{"line":30,"column":4},"end":{"line":43,"column":5}},"14":{"start":{"line":31,"column":17},"end":{"line":31,"column":30}},"15":{"start":{"line":32,"column":18},"end":{"line":32,"column":36}},"16":{"start":{"line":34,"column":8},"end":{"line":34,"column":60}},"17":{"start":{"line":36,"column":8},"end":{"line":40,"column":11}},"18":{"start":{"line":42,"column":8},"end":{"line":42,"column":20}},"19":{"start":{"line":46,"column":0},"end":{"line":51,"column":3}},"20":{"start":{"line":47,"column":4},"end":{"line":50,"column":7}},"21":{"start":{"line":53,"column":0},"end":{"line":71,"column":3}},"22":{"start":{"line":54,"column":4},"end":{"line":70,"column":5}},"23":{"start":{"line":55,"column":18},"end":{"line":62,"column":9}},"24":{"start":{"line":64,"column":8},"end":{"line":64,"column":30}},"25":{"start":{"line":66,"column":8},"end":{"line":66,"column":54}},"26":{"start":{"line":67,"column":8},"end":{"line":67,"column":45}},"27":{"start":{"line":69,"column":8},"end":{"line":69,"column":20}},"28":{"start":{"line":73,"column":0},"end":{"line":92,"column":3}},"29":{"start":{"line":74,"column":4},"end":{"line":91,"column":5}},"30":{"start":{"line":75,"column":17},"end":{"line":75,"column":30}},"31":{"start":{"line":76,"column":18},"end":{"line":76,"column":36}},"32":{"start":{"line":78,"column":8},"end":{"line":82,"column":9}},"33":{"start":{"line":79,"column":12},"end":{"line":81,"column":13}},"34":{"start":{"line":80,"column":16},"end":{"line":80,"column":53}},"35":{"start":{"line":84,"column":8},"end":{"line":88,"column":11}},"36":{"start":{"line":90,"column":8},"end":{"line":90,"column":20}},"37":{"start":{"line":94,"column":0},"end":{"line":119,"column":3}},"38":{"start":{"line":95,"column":4},"end":{"line":118,"column":5}},"39":{"start":{"line":96,"column":17},"end":{"line":96,"column":30}},"40":{"start":{"line":97,"column":18},"end":{"line":97,"column":36}},"41":{"start":{"line":99,"column":8},"end":{"line":103,"column":9}},"42":{"start":{"line":100,"column":12},"end":{"line":102,"column":13}},"43":{"start":{"line":101,"column":16},"end":{"line":101,"column":53}},"44":{"start":{"line":105,"column":19},"end":{"line":111,"column":9}},"45":{"start":{"line":113,"column":8},"end":{"line":113,"column":35}},"46":{"start":{"line":114,"column":8},"end":{"line":114,"column":54}},"47":{"start":{"line":115,"column":8},"end":{"line":115,"column":56}},"48":{"start":{"line":117,"column":8},"end":{"line":117,"column":20}},"49":{"start":{"line":121,"column":0},"end":{"line":139,"column":3}},"50":{"start":{"line":122,"column":4},"end":{"line":138,"column":5}},"51":{"start":{"line":123,"column":17},"end":{"line":123,"column":30}},"52":{"start":{"line":124,"column":18},"end":{"line":124,"column":36}},"53":{"start":{"line":126,"column":8},"end":{"line":131,"column":9}},"54":{"start":{"line":127,"column":12},"end":{"line":130,"column":13}},"55":{"start":{"line":129,"column":16},"end":{"line":129,"column":53}},"56":{"start":{"line":133,"column":8},"end":{"line":133,"column":29}},"57":{"start":{"line":134,"column":8},"end":{"line":134,"column":52}},"58":{"start":{"line":135,"column":8},"end":{"line":135,"column":45}},"59":{"start":{"line":137,"column":8},"end":{"line":137,"column":20}},"60":{"start":{"line":141,"column":0},"end":{"line":157,"column":3}},"61":{"start":{"line":142,"column":4},"end":{"line":156,"column":5}},"62":{"start":{"line":143,"column":19},"end":{"line":143,"column":36}},"63":{"start":{"line":145,"column":8},"end":{"line":147,"column":11}},"64":{"start":{"line":146,"column":12},"end":{"line":146,"column":64}},"65":{"start":{"line":149,"column":8},"end":{"line":153,"column":11}},"66":{"start":{"line":155,"column":8},"end":{"line":155,"column":20}},"67":{"start":{"line":159,"column":0},"end":{"line":159,"column":24}}},"fnMap":{"0":{"name":"(anonymous_0)","decl":{"start":{"line":10,"column":16},"end":{"line":10,"column":17}},"loc":{"start":{"line":10,"column":42},"end":{"line":26,"column":1}},"line":10},"1":{"name":"(anonymous_1)","decl":{"start":{"line":14,"column":21},"end":{"line":14,"column":22}},"loc":{"start":{"line":14,"column":28},"end":{"line":16,"column":9}},"line":14},"2":{"name":"(anonymous_2)","decl":{"start":{"line":29,"column":24},"end":{"line":29,"column":25}},"loc":{"start":{"line":29,"column":50},"end":{"line":44,"column":1}},"line":29},"3":{"name":"(anonymous_3)","decl":{"start":{"line":46,"column":39},"end":{"line":46,"column":40}},"loc":{"start":{"line":46,"column":53},"end":{"line":51,"column":1}},"line":46},"4":{"name":"(anonymous_4)","decl":{"start":{"line":53,"column":40},"end":{"line":53,"column":41}},"loc":{"start":{"line":53,"column":66},"end":{"line":71,"column":1}},"line":53},"5":{"name":"(anonymous_5)","decl":{"start":{"line":73,"column":41},"end":{"line":73,"column":42}},"loc":{"start":{"line":73,"column":67},"end":{"line":92,"column":1}},"line":73},"6":{"name":"(anonymous_6)","decl":{"start":{"line":94,"column":25},"end":{"line":94,"column":26}},"loc":{"start":{"line":94,"column":51},"end":{"line":119,"column":1}},"line":94},"7":{"name":"(anonymous_7)","decl":{"start":{"line":121,"column":43},"end":{"line":121,"column":44}},"loc":{"start":{"line":121,"column":69},"end":{"line":139,"column":1}},"line":121},"8":{"name":"(anonymous_8)","decl":{"start":{"line":141,"column":46},"end":{"line":141,"column":47}},"loc":{"start":{"line":141,"column":72},"end":{"line":157,"column":1}},"line":141},"9":{"name":"(anonymous_9)","decl":{"start":{"line":145,"column":21},"end":{"line":145,"column":22}},"loc":{"start":{"line":145,"column":28},"end":{"line":147,"column":9}},"line":145}},"branchMap":{"0":{"loc":{"start":{"line":4,"column":12},"end":{"line":4,"column":76}},"type":"binary-expr","locations":[{"start":{"line":4,"column":12},"end":{"line":4,"column":34}},{"start":{"line":4,"column":38},"end":{"line":4,"column":76}}],"line":4},"1":{"loc":{"start":{"line":78,"column":8},"end":{"line":82,"column":9}},"type":"if","locations":[{"start":{"line":78,"column":8},"end":{"line":82,"column":9}},{"start":{"line":78,"column":8},"end":{"line":82,"column":9}}],"line":78},"2":{"loc":{"start":{"line":79,"column":12},"end":{"line":81,"column":13}},"type":"if","locations":[{"start":{"line":79,"column":12},"end":{"line":81,"column":13}},{"start":{"line":79,"column":12},"end":{"line":81,"column":13}}],"line":79},"3":{"loc":{"start":{"line":99,"column":8},"end":{"line":103,"column":9}},"type":"if","locations":[{"start":{"line":99,"column":8},"end":{"line":103,"column":9}},{"start":{"line":99,"column":8},"end":{"line":103,"column":9}}],"line":99},"4":{"loc":{"start":{"line":100,"column":12},"end":{"line":102,"column":13}},"type":"if","locations":[{"start":{"line":100,"column":12},"end":{"line":102,"column":13}},{"start":{"line":100,"column":12},"end":{"line":102,"column":13}}],"line":100},"5":{"loc":{"start":{"line":126,"column":8},"end":{"line":131,"column":9}},"type":"if","locations":[{"start":{"line":126,"column":8},"end":{"line":131,"column":9}},{"start":{"line":126,"column":8},"end":{"line":131,"column":9}}],"line":126},"6":{"loc":{"start":{"line":127,"column":12},"end":{"line":130,"column":13}},"type":"if","locations":[{"start":{"line":127,"column":12},"end":{"line":130,"column":13}},{"start":{"line":127,"column":12},"end":{"line":130,"column":13}}],"line":127}},"s":{"0":4,"1":4,"2":4,"3":4,"4":4,"5":4,"6":1,"7":1,"8":1,"9":0,"10":1,"11":0,"12":4,"13":1,"14":1,"15":1,"16":1,"17":1,"18":0,"19":4,"20":1,"21":4,"22":1,"23":1,"24":1,"25":1,"26":1,"27":0,"28":4,"29":2,"30":2,"31":2,"32":2,"33":1,"34":1,"35":1,"36":0,"37":4,"38":2,"39":2,"40":2,"41":2,"42":1,"43":1,"44":1,"45":1,"46":1,"47":1,"48":0,"49":4,"50":2,"51":2,"52":2,"53":2,"54":1,"55":1,"56":1,"57":1,"58":1,"59":0,"60":4,"61":1,"62":1,"63":1,"64":0,"65":1,"66":0,"67":4},"f":{"0":1,"1":0,"2":1,"3":1,"4":1,"5":2,"6":2,"7":2,"8":1,"9":0},"b":{"0":[4,0],"1":[1,1],"2":[1,0],"3":[1,1],"4":[1,0],"5":[1,1],"6":[1,0]},"_coverageSchema":"332fd63041d2c1bcb487cc26dd0d5f7d97098a6c","hash":"58ce6bedf8d818162c7d0e905478f2d7bf6b3938"}
,"/app/routes/users.js": {"path":"/app/routes/users.js","statementMap":{"0":{"start":{"line":1,"column":16},"end":{"line":1,"column":34}},"1":{"start":{"line":2,"column":15},"end":{"line":2,"column":31}},"2":{"start":{"line":3,"column":15},"end":{"line":3,"column":34}},"3":{"start":{"line":5,"column":12},"end":{"line":5,"column":76}},"4":{"start":{"line":6,"column":14},"end":{"line":6,"column":56}},"5":{"start":{"line":7,"column":13},"end":{"line":7,"column":49}},"6":{"start":{"line":12,"column":0},"end":{"line":24,"column":3}},"7":{"start":{"line":13,"column":4},"end":{"line":23,"column":5}},"8":{"start":{"line":14,"column":19},"end":{"line":14,"column":38}},"9":{"start":{"line":16,"column":8},"end":{"line":20,"column":11}},"10":{"start":{"line":22,"column":8},"end":{"line":22,"column":20}},"11":{"start":{"line":30,"column":0},"end":{"line":43,"column":3}},"12":{"start":{"line":31,"column":4},"end":{"line":42,"column":5}},"13":{"start":{"line":32,"column":17},"end":{"line":32,"column":30}},"14":{"start":{"line":33,"column":19},"end":{"line":33,"column":39}},"15":{"start":{"line":35,"column":8},"end":{"line":39,"column":11}},"16":{"start":{"line":41,"column":8},"end":{"line":41,"column":20}},"17":{"start":{"line":49,"column":0},"end":{"line":54,"column":3}},"18":{"start":{"line":50,"column":4},"end":{"line":53,"column":7}},"19":{"start":{"line":60,"column":0},"end":{"line":86,"column":3}},"20":{"start":{"line":61,"column":4},"end":{"line":64,"column":5}},"21":{"start":{"line":62,"column":8},"end":{"line":62,"column":55}},"22":{"start":{"line":63,"column":8},"end":{"line":63,"column":45}},"23":{"start":{"line":66,"column":4},"end":{"line":69,"column":5}},"24":{"start":{"line":67,"column":8},"end":{"line":67,"column":55}},"25":{"start":{"line":68,"column":8},"end":{"line":68,"column":45}},"26":{"start":{"line":71,"column":15},"end":{"line":71,"column":37}},"27":{"start":{"line":72,"column":15},"end":{"line":72,"column":55}},"28":{"start":{"line":74,"column":15},"end":{"line":81,"column":5}},"29":{"start":{"line":83,"column":4},"end":{"line":83,"column":29}},"30":{"start":{"line":84,"column":4},"end":{"line":84,"column":62}},"31":{"start":{"line":85,"column":4},"end":{"line":85,"column":34}},"32":{"start":{"line":92,"column":0},"end":{"line":106,"column":3}},"33":{"start":{"line":93,"column":13},"end":{"line":93,"column":26}},"34":{"start":{"line":94,"column":15},"end":{"line":94,"column":35}},"35":{"start":{"line":96,"column":4},"end":{"line":98,"column":5}},"36":{"start":{"line":97,"column":8},"end":{"line":97,"column":33}},"37":{"start":{"line":100,"column":4},"end":{"line":105,"column":7}},"38":{"start":{"line":112,"column":0},"end":{"line":136,"column":3}},"39":{"start":{"line":113,"column":13},"end":{"line":113,"column":26}},"40":{"start":{"line":114,"column":15},"end":{"line":114,"column":35}},"41":{"start":{"line":116,"column":4},"end":{"line":118,"column":5}},"42":{"start":{"line":117,"column":8},"end":{"line":117,"column":33}},"43":{"start":{"line":120,"column":4},"end":{"line":123,"column":5}},"44":{"start":{"line":121,"column":8},"end":{"line":121,"column":55}},"45":{"start":{"line":122,"column":8},"end":{"line":122,"column":49}},"46":{"start":{"line":125,"column":15},"end":{"line":131,"column":5}},"47":{"start":{"line":133,"column":4},"end":{"line":133,"column":33}},"48":{"start":{"line":134,"column":4},"end":{"line":134,"column":65}},"49":{"start":{"line":135,"column":4},"end":{"line":135,"column":41}},"50":{"start":{"line":142,"column":0},"end":{"line":148,"column":3}},"51":{"start":{"line":143,"column":13},"end":{"line":143,"column":26}},"52":{"start":{"line":145,"column":4},"end":{"line":145,"column":27}},"53":{"start":{"line":146,"column":4},"end":{"line":146,"column":46}},"54":{"start":{"line":147,"column":4},"end":{"line":147,"column":34}},"55":{"start":{"line":154,"column":0},"end":{"line":167,"column":3}},"56":{"start":{"line":155,"column":13},"end":{"line":155,"column":26}},"57":{"start":{"line":156,"column":15},"end":{"line":156,"column":35}},"58":{"start":{"line":158,"column":4},"end":{"line":160,"column":5}},"59":{"start":{"line":159,"column":8},"end":{"line":159,"column":33}},"60":{"start":{"line":162,"column":4},"end":{"line":166,"column":7}},"61":{"start":{"line":173,"column":0},"end":{"line":196,"column":3}},"62":{"start":{"line":174,"column":13},"end":{"line":174,"column":26}},"63":{"start":{"line":175,"column":15},"end":{"line":175,"column":35}},"64":{"start":{"line":177,"column":4},"end":{"line":179,"column":5}},"65":{"start":{"line":178,"column":8},"end":{"line":178,"column":33}},"66":{"start":{"line":181,"column":4},"end":{"line":184,"column":5}},"67":{"start":{"line":182,"column":8},"end":{"line":182,"column":55}},"68":{"start":{"line":183,"column":8},"end":{"line":183,"column":48}},"69":{"start":{"line":186,"column":15},"end":{"line":186,"column":37}},"70":{"start":{"line":187,"column":15},"end":{"line":187,"column":55}},"71":{"start":{"line":189,"column":15},"end":{"line":191,"column":5}},"72":{"start":{"line":193,"column":4},"end":{"line":193,"column":33}},"73":{"start":{"line":194,"column":4},"end":{"line":194,"column":65}},"74":{"start":{"line":195,"column":4},"end":{"line":195,"column":44}},"75":{"start":{"line":202,"column":0},"end":{"line":202,"column":24}}},"fnMap":{"0":{"name":"(anonymous_0)","decl":{"start":{"line":12,"column":38},"end":{"line":12,"column":39}},"loc":{"start":{"line":12,"column":64},"end":{"line":24,"column":1}},"line":12},"1":{"name":"(anonymous_1)","decl":{"start":{"line":30,"column":27},"end":{"line":30,"column":28}},"loc":{"start":{"line":30,"column":53},"end":{"line":43,"column":1}},"line":30},"2":{"name":"(anonymous_2)","decl":{"start":{"line":49,"column":44},"end":{"line":49,"column":45}},"loc":{"start":{"line":49,"column":58},"end":{"line":54,"column":1}},"line":49},"3":{"name":"(anonymous_3)","decl":{"start":{"line":60,"column":45},"end":{"line":60,"column":46}},"loc":{"start":{"line":60,"column":65},"end":{"line":86,"column":1}},"line":60},"4":{"name":"(anonymous_4)","decl":{"start":{"line":92,"column":24},"end":{"line":92,"column":25}},"loc":{"start":{"line":92,"column":44},"end":{"line":106,"column":1}},"line":92},"5":{"name":"(anonymous_5)","decl":{"start":{"line":112,"column":25},"end":{"line":112,"column":26}},"loc":{"start":{"line":112,"column":45},"end":{"line":136,"column":1}},"line":112},"6":{"name":"(anonymous_6)","decl":{"start":{"line":142,"column":48},"end":{"line":142,"column":49}},"loc":{"start":{"line":142,"column":68},"end":{"line":148,"column":1}},"line":142},"7":{"name":"(anonymous_7)","decl":{"start":{"line":154,"column":23},"end":{"line":154,"column":24}},"loc":{"start":{"line":154,"column":43},"end":{"line":167,"column":1}},"line":154},"8":{"name":"(anonymous_8)","decl":{"start":{"line":173,"column":24},"end":{"line":173,"column":25}},"loc":{"start":{"line":173,"column":44},"end":{"line":196,"column":1}},"line":173}},"branchMap":{"0":{"loc":{"start":{"line":5,"column":12},"end":{"line":5,"column":76}},"type":"binary-expr","locations":[{"start":{"line":5,"column":12},"end":{"line":5,"column":34}},{"start":{"line":5,"column":38},"end":{"line":5,"column":76}}],"line":5},"1":{"loc":{"start":{"line":61,"column":4},"end":{"line":64,"column":5}},"type":"if","locations":[{"start":{"line":61,"column":4},"end":{"line":64,"column":5}},{"start":{"line":61,"column":4},"end":{"line":64,"column":5}}],"line":61},"2":{"loc":{"start":{"line":66,"column":4},"end":{"line":69,"column":5}},"type":"if","locations":[{"start":{"line":66,"column":4},"end":{"line":69,"column":5}},{"start":{"line":66,"column":4},"end":{"line":69,"column":5}}],"line":66},"3":{"loc":{"start":{"line":96,"column":4},"end":{"line":98,"column":5}},"type":"if","locations":[{"start":{"line":96,"column":4},"end":{"line":98,"column":5}},{"start":{"line":96,"column":4},"end":{"line":98,"column":5}}],"line":96},"4":{"loc":{"start":{"line":96,"column":10},"end":{"line":96,"column":76}},"type":"binary-expr","locations":[{"start":{"line":96,"column":10},"end":{"line":96,"column":41}},{"start":{"line":96,"column":45},"end":{"line":96,"column":76}}],"line":96},"5":{"loc":{"start":{"line":104,"column":14},"end":{"line":104,"column":50}},"type":"cond-expr","locations":[{"start":{"line":104,"column":38},"end":{"line":104,"column":42}},{"start":{"line":104,"column":45},"end":{"line":104,"column":50}}],"line":104},"6":{"loc":{"start":{"line":116,"column":4},"end":{"line":118,"column":5}},"type":"if","locations":[{"start":{"line":116,"column":4},"end":{"line":118,"column":5}},{"start":{"line":116,"column":4},"end":{"line":118,"column":5}}],"line":116},"7":{"loc":{"start":{"line":116,"column":10},"end":{"line":116,"column":76}},"type":"binary-expr","locations":[{"start":{"line":116,"column":10},"end":{"line":116,"column":41}},{"start":{"line":116,"column":45},"end":{"line":116,"column":76}}],"line":116},"8":{"loc":{"start":{"line":120,"column":4},"end":{"line":123,"column":5}},"type":"if","locations":[{"start":{"line":120,"column":4},"end":{"line":123,"column":5}},{"start":{"line":120,"column":4},"end":{"line":123,"column":5}}],"line":120},"9":{"loc":{"start":{"line":120,"column":8},"end":{"line":120,"column":90}},"type":"binary-expr","locations":[{"start":{"line":120,"column":8},"end":{"line":120,"column":51}},{"start":{"line":120,"column":55},"end":{"line":120,"column":90}}],"line":120},"10":{"loc":{"start":{"line":158,"column":4},"end":{"line":160,"column":5}},"type":"if","locations":[{"start":{"line":158,"column":4},"end":{"line":160,"column":5}},{"start":{"line":158,"column":4},"end":{"line":160,"column":5}}],"line":158},"11":{"loc":{"start":{"line":158,"column":10},"end":{"line":158,"column":76}},"type":"binary-expr","locations":[{"start":{"line":158,"column":10},"end":{"line":158,"column":41}},{"start":{"line":158,"column":45},"end":{"line":158,"column":76}}],"line":158},"12":{"loc":{"start":{"line":177,"column":4},"end":{"line":179,"column":5}},"type":"if","locations":[{"start":{"line":177,"column":4},"end":{"line":179,"column":5}},{"start":{"line":177,"column":4},"end":{"line":179,"column":5}}],"line":177},"13":{"loc":{"start":{"line":177,"column":10},"end":{"line":177,"column":76}},"type":"binary-expr","locations":[{"start":{"line":177,"column":10},"end":{"line":177,"column":41}},{"start":{"line":177,"column":45},"end":{"line":177,"column":76}}],"line":177},"14":{"loc":{"start":{"line":181,"column":4},"end":{"line":184,"column":5}},"type":"if","locations":[{"start":{"line":181,"column":4},"end":{"line":184,"column":5}},{"start":{"line":181,"column":4},"end":{"line":184,"column":5}}],"line":181}},"s":{"0":4,"1":4,"2":4,"3":4,"4":4,"5":4,"6":4,"7":1,"8":1,"9":1,"10":0,"11":4,"12":2,"13":2,"14":2,"15":1,"16":1,"17":4,"18":1,"19":4,"20":3,"21":1,"22":1,"23":2,"24":1,"25":1,"26":1,"27":1,"28":1,"29":1,"30":1,"31":1,"32":4,"33":2,"34":2,"35":2,"36":1,"37":1,"38":4,"39":3,"40":3,"41":3,"42":1,"43":2,"44":1,"45":1,"46":1,"47":1,"48":1,"49":1,"50":4,"51":1,"52":1,"53":1,"54":1,"55":4,"56":2,"57":2,"58":2,"59":1,"60":1,"61":4,"62":3,"63":3,"64":3,"65":1,"66":2,"67":1,"68":1,"69":1,"70":1,"71":1,"72":1,"73":1,"74":1,"75":4},"f":{"0":1,"1":2,"2":1,"3":3,"4":2,"5":3,"6":1,"7":2,"8":3},"b":{"0":[4,0],"1":[1,2],"2":[1,1],"3":[1,1],"4":[2,2],"5":[0,1],"6":[1,2],"7":[3,3],"8":[1,1],"9":[2,2],"10":[1,1],"11":[2,2],"12":[1,2],"13":[3,3],"14":[1,1]},"_coverageSchema":"332fd63041d2c1bcb487cc26dd0d5f7d97098a6c","hash":"f0a6e2b5f2ddd1dac0bfd2fb164ee33c7702b78a"}
,"/app/src/auth.js": {"path":"/app/src/auth.js","statementMap":{"0":{"start":{"line":3,"column":20},"end":{"line":3,"column":50}},"1":{"start":{"line":6,"column":0},"end":{"line":81,"column":2}},"2":{"start":{"line":15,"column":8},"end":{"line":22,"column":9}},"3":{"start":{"line":16,"column":26},"end":{"line":16,"column":56}},"4":{"start":{"line":17,"column":26},"end":{"line":17,"column":57}},"5":{"start":{"line":19,"column":12},"end":{"line":19,"column":31}},"6":{"start":{"line":21,"column":12},"end":{"line":21,"column":24}},"7":{"start":{"line":25,"column":4},"end":{"line":80,"column":6}},"8":{"start":{"line":28,"column":23},"end":{"line":28,"column":39}},"9":{"start":{"line":30,"column":12},"end":{"line":34,"column":13}},"10":{"start":{"line":31,"column":16},"end":{"line":31,"column":44}},"11":{"start":{"line":33,"column":16},"end":{"line":33,"column":23}},"12":{"start":{"line":39,"column":23},"end":{"line":39,"column":39}},"13":{"start":{"line":41,"column":12},"end":{"line":47,"column":13}},"14":{"start":{"line":42,"column":16},"end":{"line":42,"column":44}},"15":{"start":{"line":43,"column":19},"end":{"line":47,"column":13}},"16":{"start":{"line":44,"column":16},"end":{"line":44,"column":34}},"17":{"start":{"line":46,"column":16},"end":{"line":46,"column":23}},"18":{"start":{"line":52,"column":23},"end":{"line":52,"column":39}},"19":{"start":{"line":54,"column":12},"end":{"line":58,"column":13}},"20":{"start":{"line":55,"column":16},"end":{"line":55,"column":34}},"21":{"start":{"line":57,"column":16},"end":{"line":57,"column":23}},"22":{"start":{"line":63,"column":12},"end":{"line":71,"column":13}},"23":{"start":{"line":64,"column":36},"end":{"line":64,"column":51}},"24":{"start":{"line":65,"column":28},"end":{"line":65,"column":69}},"25":{"start":{"line":67,"column":16},"end":{"line":67,"column":33}},"26":{"start":{"line":68,"column":16},"end":{"line":68,"column":27}},"27":{"start":{"line":70,"column":16},"end":{"line":70,"column":28}},"28":{"start":{"line":76,"column":23},"end":{"line":76,"column":51}},"29":{"start":{"line":78,"column":12},"end":{"line":78,"column":50}}},"fnMap":{"0":{"name":"(anonymous_0)","decl":{"start":{"line":6,"column":17},"end":{"line":6,"column":18}},"loc":{"start":{"line":6,"column":38},"end":{"line":81,"column":1}},"line":6},"1":{"name":"connect","decl":{"start":{"line":14,"column":19},"end":{"line":14,"column":26}},"loc":{"start":{"line":14,"column":29},"end":{"line":23,"column":5}},"line":14}},"branchMap":{"0":{"loc":{"start":{"line":30,"column":12},"end":{"line":34,"column":13}},"type":"if","locations":[{"start":{"line":30,"column":12},"end":{"line":34,"column":13}},{"start":{"line":30,"column":12},"end":{"line":34,"column":13}}],"line":30},"1":{"loc":{"start":{"line":41,"column":12},"end":{"line":47,"column":13}},"type":"if","locations":[{"start":{"line":41,"column":12},"end":{"line":47,"column":13}},{"start":{"line":41,"column":12},"end":{"line":47,"column":13}}],"line":41},"2":{"loc":{"start":{"line":43,"column":19},"end":{"line":47,"column":13}},"type":"if","locations":[{"start":{"line":43,"column":19},"end":{"line":47,"column":13}},{"start":{"line":43,"column":19},"end":{"line":47,"column":13}}],"line":43},"3":{"loc":{"start":{"line":54,"column":12},"end":{"line":58,"column":13}},"type":"if","locations":[{"start":{"line":54,"column":12},"end":{"line":58,"column":13}},{"start":{"line":54,"column":12},"end":{"line":58,"column":13}}],"line":54},"4":{"loc":{"start":{"line":78,"column":19},"end":{"line":78,"column":49}},"type":"cond-expr","locations":[{"start":{"line":78,"column":37},"end":{"line":78,"column":42}},{"start":{"line":78,"column":45},"end":{"line":78,"column":49}}],"line":78}},"s":{"0":5,"1":5,"2":38,"3":38,"4":38,"5":38,"6":0,"7":17,"8":14,"9":14,"10":5,"11":9,"12":11,"13":11,"14":2,"15":9,"16":1,"17":8,"18":37,"19":37,"20":1,"21":36,"22":38,"23":38,"24":38,"25":38,"26":38,"27":0,"28":8,"29":8},"f":{"0":17,"1":38},"b":{"0":[5,9],"1":[2,9],"2":[1,8],"3":[1,36],"4":[4,4]},"_coverageSchema":"332fd63041d2c1bcb487cc26dd0d5f7d97098a6c","hash":"1fab29566136af8f9b29c02a5cbdc55a4c596653"}
}
