TN:
SF:/app/routes/auth.js
FN:11,(anonymous_0)
FN:19,(anonymous_1)
FN:48,(anonymous_2)
FN:56,(anonymous_3)
FN:76,(anonymous_4)
FN:77,(anonymous_5)
FNF:6
FNH:6
FNDA:1,(anonymous_0)
FNDA:3,(anonymous_1)
FNDA:1,(anonymous_2)
FNDA:30,(anonymous_3)
FNDA:1,(anonymous_4)
FNDA:1,(anonymous_5)
DA:1,4
DA:2,4
DA:4,4
DA:6,4
DA:7,4
DA:8,4
DA:11,4
DA:12,1
DA:19,4
DA:20,3
DA:21,1
DA:22,1
DA:25,2
DA:26,1
DA:27,1
DA:30,1
DA:31,1
DA:33,1
DA:42,1
DA:43,1
DA:44,1
DA:48,4
DA:49,1
DA:56,4
DA:57,30
DA:58,30
DA:59,30
DA:61,30
DA:62,1
DA:63,1
DA:66,29
DA:67,28
DA:68,28
DA:70,1
DA:71,1
DA:76,4
DA:77,1
DA:78,1
DA:79,0
DA:81,1
DA:86,4
LF:41
LH:40
BRDA:6,0,0,4
BRDA:6,0,1,0
BRDA:20,1,0,1
BRDA:20,1,1,2
BRDA:25,2,0,1
BRDA:25,2,1,1
BRDA:61,3,0,1
BRDA:61,3,1,29
BRDA:66,4,0,28
BRDA:66,4,1,1
BRDA:78,5,0,0
BRDA:78,5,1,1
BRF:12
BRH:10
end_of_record
TN:
SF:/app/routes/index.js
FN:8,(anonymous_0)
FN:13,(anonymous_1)
FN:18,(anonymous_2)
FNF:3
FNH:3
FNDA:1,(anonymous_0)
FNDA:1,(anonymous_1)
FNDA:1,(anonymous_2)
DA:1,4
DA:2,4
DA:4,4
DA:5,4
DA:8,4
DA:9,1
DA:13,4
DA:14,1
DA:18,4
DA:19,1
DA:27,4
LF:11
LH:11
BRDA:4,0,0,4
BRDA:4,0,1,0
BRDA:22,1,0,1
BRDA:22,1,1,1
BRF:4
BRH:3
end_of_record
TN:
SF:/app/routes/observations.js
FN:10,(anonymous_0)
FN:14,(anonymous_1)
FN:29,(anonymous_2)
FN:46,(anonymous_3)
FN:53,(anonymous_4)
FN:73,(anonymous_5)
FN:94,(anonymous_6)
FN:121,(anonymous_7)
FN:141,(anonymous_8)
FN:145,(anonymous_9)
FNF:10
FNH:8
FNDA:1,(anonymous_0)
FNDA:0,(anonymous_1)
FNDA:1,(anonymous_2)
FNDA:1,(anonymous_3)
FNDA:1,(anonymous_4)
FNDA:2,(anonymous_5)
FNDA:2,(anonymous_6)
FNDA:2,(anonymous_7)
FNDA:1,(anonymous_8)
FNDA:0,(anonymous_9)
DA:1,4
DA:2,4
DA:4,4
DA:5,4
DA:6,4
DA:10,4
DA:11,1
DA:12,1
DA:14,1
DA:15,0
DA:18,1
DA:24,0
DA:29,4
DA:30,1
DA:31,1
DA:32,1
DA:34,1
DA:36,1
DA:42,0
DA:46,4
DA:47,1
DA:53,4
DA:54,1
DA:55,1
DA:64,1
DA:66,1
DA:67,1
DA:69,0
DA:73,4
DA:74,2
DA:75,2
DA:76,2
DA:78,2
DA:79,1
DA:80,1
DA:84,1
DA:90,0
DA:94,4
DA:95,2
DA:96,2
DA:97,2
DA:99,2
DA:100,1
DA:101,1
DA:105,1
DA:113,1
DA:114,1
DA:115,1
DA:117,0
DA:121,4
DA:122,2
DA:123,2
DA:124,2
DA:126,2
DA:127,1
DA:129,1
DA:133,1
DA:134,1
DA:135,1
DA:137,0
DA:141,4
DA:142,1
DA:143,1
DA:145,1
DA:146,0
DA:149,1
DA:155,0
DA:159,4
LF:68
LH:59
BRDA:4,0,0,4
BRDA:4,0,1,0
BRDA:78,1,0,1
BRDA:78,1,1,1
BRDA:79,2,0,1
BRDA:79,2,1,0
BRDA:99,3,0,1
BRDA:99,3,1,1
BRDA:100,4,0,1
BRDA:100,4,1,0
BRDA:126,5,0,1
BRDA:126,5,1,1
BRDA:127,6,0,1
BRDA:127,6,1,0
BRF:14
BRH:10
end_of_record
TN:
SF:/app/routes/users.js
FN:12,(anonymous_0)
FN:30,(anonymous_1)
FN:49,(anonymous_2)
FN:60,(anonymous_3)
FN:92,(anonymous_4)
FN:112,(anonymous_5)
FN:142,(anonymous_6)
FN:154,(anonymous_7)
FN:173,(anonymous_8)
FNF:9
FNH:9
FNDA:1,(anonymous_0)
FNDA:2,(anonymous_1)
FNDA:1,(anonymous_2)
FNDA:3,(anonymous_3)
FNDA:2,(anonymous_4)
FNDA:3,(anonymous_5)
FNDA:1,(anonymous_6)
FNDA:2,(anonymous_7)
FNDA:3,(anonymous_8)
DA:1,4
DA:2,4
DA:3,4
DA:5,4
DA:6,4
DA:7,4
DA:12,4
DA:13,1
DA:14,1
DA:16,1
DA:22,0
DA:30,4
DA:31,2
DA:32,2
DA:33,2
DA:35,1
DA:41,1
DA:49,4
DA:50,1
DA:60,4
DA:61,3
DA:62,1
DA:63,1
DA:66,2
DA:67,1
DA:68,1
DA:71,1
DA:72,1
DA:74,1
DA:83,1
DA:84,1
DA:85,1
DA:92,4
DA:93,2
DA:94,2
DA:96,2
DA:97,1
DA:100,1
DA:112,4
DA:113,3
DA:114,3
DA:116,3
DA:117,1
DA:120,2
DA:121,1
DA:122,1
DA:125,1
DA:133,1
DA:134,1
DA:135,1
DA:142,4
DA:143,1
DA:145,1
DA:146,1
DA:147,1
DA:154,4
DA:155,2
DA:156,2
DA:158,2
DA:159,1
DA:162,1
DA:173,4
DA:174,3
DA:175,3
DA:177,3
DA:178,1
DA:181,2
DA:182,1
DA:183,1
DA:186,1
DA:187,1
DA:189,1
DA:193,1
DA:194,1
DA:195,1
DA:202,4
LF:76
LH:75
BRDA:5,0,0,4
BRDA:5,0,1,0
BRDA:61,1,0,1
BRDA:61,1,1,2
BRDA:66,2,0,1
BRDA:66,2,1,1
BRDA:96,3,0,1
BRDA:96,3,1,1
BRDA:96,4,0,2
BRDA:96,4,1,2
BRDA:104,5,0,0
BRDA:104,5,1,1
BRDA:116,6,0,1
BRDA:116,6,1,2
BRDA:116,7,0,3
BRDA:116,7,1,3
BRDA:120,8,0,1
BRDA:120,8,1,1
BRDA:120,9,0,2
BRDA:120,9,1,2
BRDA:158,10,0,1
BRDA:158,10,1,1
BRDA:158,11,0,2
BRDA:158,11,1,2
BRDA:177,12,0,1
BRDA:177,12,1,2
BRDA:177,13,0,3
BRDA:177,13,1,3
BRDA:181,14,0,1
BRDA:181,14,1,1
BRF:30
BRH:28
end_of_record
TN:
SF:/app/src/auth.js
FN:6,(anonymous_0)
FN:14,connect
FNF:2
FNH:2
FNDA:17,(anonymous_0)
FNDA:38,connect
DA:3,5
DA:6,5
DA:15,38
DA:16,38
DA:17,38
DA:19,38
DA:21,0
DA:25,17
DA:28,14
DA:30,14
DA:31,5
DA:33,9
DA:39,11
DA:41,11
DA:42,2
DA:43,9
DA:44,1
DA:46,8
DA:52,37
DA:54,37
DA:55,1
DA:57,36
DA:63,38
DA:64,38
DA:65,38
DA:67,38
DA:68,38
DA:70,0
DA:76,8
DA:78,8
LF:30
LH:28
BRDA:30,0,0,5
BRDA:30,0,1,9
BRDA:41,1,0,2
BRDA:41,1,1,9
BRDA:43,2,0,1
BRDA:43,2,1,8
BRDA:54,3,0,1
BRDA:54,3,1,36
BRDA:78,4,0,4
BRDA:78,4,1,4
BRF:10
BRH:10
end_of_record
